12:00:08,997 TRACE [com.lidp.enterprise.process.transaction.APSIGN00] (                                        EJB default - 1) [0000-00-00][00:00:00][9349126][        ][APSIGN00                 ][ - ENTER                      ]
12:00:09,703 TRACE [com.lidp.enterprise.process.transaction.APSIGN00] (                                        EJB default - 1) [0000-00-00][00:00:00][9349126][        ][APSIGN00                 ][ - EXIT                       ]
12:00:10,584 TRACE [com.lidp.enterprise.control.TransProcessor] (                                        EJB default - 1) ***** STOP - TransProcessor ***** - Elapsed Time = 00:00:01.721
12:00:25,871 TRACE [com.lidp.enterprise.control.TransProcessor] (                                        EJB default - 2) ***** START - TransProcessor *****
12:00:25,873 TRACE [com.lidp] (                                        EJB default - 2) IDENTIFIER: 85059fdb-f6e1-46ce-a8a0-1db79f045410
12:00:26,210 TRACE [com.lidp.enterprise.process.transaction.APTEST00] (                                        EJB default - 2) [2023-10-27][12:00:25][9349128][LIDP    ][APTEST00                 ][ - ENTER                      ]
12:00:26,213 TRACE [com.lidp.enterprise.process.module.APDMPG15] (                                        EJB default - 2) [2023-10-27][12:00:25][9349128][LIDP    ][APDMPG15                 ][ - ENTER                      ]
12:00:33,378 TRACE [com.lidp.enterprise.process.module.APDMPG15] (                                        EJB default - 2) [2023-10-27][12:00:25][9349128][LIDP    ][APDMPG15                 ][ - EXIT                       ]
12:00:33,378 TRACE [com.lidp.enterprise.process.transaction.APTEST00] (                                        EJB default - 2) [2023-10-27][12:00:25][9349128][LIDP    ][APTEST00                 ][ - EXIT                       ]
12:00:33,389 TRACE [com.lidp.enterprise.control.TransProcessor] (                                        EJB default - 2) ***** STOP - TransProcessor ***** - Elapsed Time = 00:00:07.474
12:00:42,592 TRACE [com.lidp.enterprise.control.TransProcessor] (                                        EJB default - 2) ***** START - TransProcessor *****
12:00:42,592 TRACE [com.lidp] (                                        EJB default - 2) IDENTIFIER: 85059fdb-f6e1-46ce-a8a0-1db79f045410
12:00:42,720 TRACE [com.lidp.enterprise.process.transaction.APPGET00] (                                        EJB default - 2) [2023-10-27][12:00:42][9349129][LIDP    ][APPGET00                 ][ - ENTER                      ]
12:00:42,796 TRACE [com.lidp.enterprise.process.module.APPRPA00] (                                        EJB default - 2) [2023-10-27][12:00:42][9349129][LIDP    ][APPRPA00                 ][ - ENTER                      ]
12:00:44,919 TRACE [com.lidp.enterprise.process.module.APPRPA00] (                                        EJB default - 2) [2023-10-27][12:00:42][9349129][LIDP    ][APPRPA00                 ][ - EXIT                       ]
12:00:45,486 TRACE [com.lidp.enterprise.process.tablemodule.APJCON00] (                                        EJB default - 2) [2023-10-27][12:00:42][9349129][LIDP    ][APJCON00                 ][ - ENTER                      ]
12:00:45,772 TRACE [com.lidp.enterprise.process.tablemodule.APJCON00] (                                        EJB default - 2) [2023-10-27][12:00:42][9349129][LIDP    ][APJCON00                 ][ - EXIT                       ]
12:00:45,774 TRACE [com.lidp.enterprise.process.tablemodule.APAGTI00] (                                        EJB default - 2) [2023-10-27][12:00:42][9349129][LIDP    ][APAGTI00                 ][ - ENTER                      ]
12:00:45,921 TRACE [com.lidp.enterprise.process.tablemodule.APAGTI00] (                                        EJB default - 2) [2023-10-27][12:00:42][9349129][LIDP    ][APAGTI00                 ][ - EXIT                       ]
12:00:45,958 TRACE [com.lidp.enterprise.process.module.APPADM00] (                                        EJB default - 2) [2023-10-27][12:00:42][9349129][LIDP    ][APPADM00                 ][ - ENTER                      ]
12:00:46,019 TRACE [com.lidp.enterprise.process.module.APPADM02] (                                        EJB default - 2) [2023-10-27][12:00:42][9349129][LIDP    ][APPADM02                 ][ - ENTER                      ]
12:00:46,019 TRACE [com.lidp.enterprise.process.module.APPADM02] (                                        EJB default - 2) [2023-10-27][12:00:42][9349129][LIDP    ][APPADM02                 ][ - EXIT                       ]
12:00:46,019 TRACE [com.lidp.enterprise.process.module.APPADM00] (                                        EJB default - 2) [2023-10-27][12:00:42][9349129][LIDP    ][APPADM00                 ][ - EXIT                       ]
12:00:46,186 TRACE [com.lidp.enterprise.process.transaction.APPGET00] (                                        EJB default - 2) [2023-10-27][12:00:42][9349129][LIDP    ][APPGET00                 ][ - EXIT                       ]
12:00:46,226 TRACE [com.lidp.enterprise.control.TransProcessor] (                                        EJB default - 2) ***** STOP - TransProcessor ***** - Elapsed Time = 00:00:03.594
12:01:44,533 TRACE [com.lidp.enterprise.control.TransProcessor] (                                        EJB default - 2) ***** START - TransProcessor *****
12:01:44,534 TRACE [com.lidp] (                                        EJB default - 2) IDENTIFIER: 85059fdb-f6e1-46ce-a8a0-1db79f045410
12:01:44,644 TRACE [com.lidp.enterprise.process.transaction.APSIGF00] (                                        EJB default - 2) [2023-10-27][12:01:44][9349130][LIDP    ][APSIGF00                 ][ - ENTER                      ]
12:01:45,074 TRACE [com.lidp.enterprise.process.transaction.APSIGF00] (                                        EJB default - 2) [2023-10-27][12:01:44][9349130][LIDP    ][APSIGF00                 ][ - EXIT                       ]
12:01:45,091 TRACE [com.lidp.enterprise.control.TransProcessor] (                                        EJB default - 2) ***** STOP - TransProcessor ***** - Elapsed Time = 00:00:00.528
